#
# There is insufficient memory for the Java Runtime Environment to continue.
# Native memory allocation (mmap) failed to map 17010688 bytes for committing reserved memory.
# Possible reasons:
#   The system is out of physical RAM or swap space
#   In 32 bit mode, the process size limit was hit
# Possible solutions:
#   Reduce memory load on the system
#   Increase physical memory or swap space
#   Check if swap backing store is full
#   Use 64 bit Java on a 64 bit OS
#   Decrease Java heap size (-Xmx/-Xms)
#   Decrease number of Java threads
#   Decrease Java thread stack sizes (-Xss)
#   Set larger code cache with -XX:ReservedCodeCacheSize=
# This output file may be truncated or incomplete.
#
#  Out of Memory Error (os_linux.cpp:2627), pid=3788, tid=2756389696
#
# JRE version: Java(TM) SE Runtime Environment (8.0_73-b02) (build 1.8.0_73-b02)
# Java VM: Java HotSpot(TM) Client VM (25.73-b02 mixed mode linux-x86 )
# Failed to write core dump. Core dumps have been disabled. To enable core dumping, try "ulimit -c unlimited" before starting Java again
#

---------------  T H R E A D  ---------------

Current thread (0xb695dc00):  VMThread [stack: 0xa4432000,0xa44b3000] [id=3793]

Stack: [0xa4432000,0xa44b3000],  sp=0xa44b1830,  free space=510k
Native frames: (J=compiled Java code, j=interpreted, Vv=VM code, C=native code)
V  [libjvm.so+0x5b7e2f]  VMError::report_and_die()+0x16f
V  [libjvm.so+0x20a915]  report_vm_out_of_memory(char const*, int, unsigned int, VMErrorType, char const*)+0x55
V  [libjvm.so+0x49c676]  os::Linux::commit_memory_impl(char*, unsigned int, bool)+0xe6
V  [libjvm.so+0x49cb48]  os::pd_commit_memory(char*, unsigned int, unsigned int, bool)+0x28
V  [libjvm.so+0x496a6c]  os::commit_memory(char*, unsigned int, unsigned int, bool)+0x2c
V  [libjvm.so+0x5b3ecc]  VirtualSpace::expand_by(unsigned int, bool)+0x1ec
V  [libjvm.so+0x29ad1b]  OneContigSpaceCardGeneration::grow_by(unsigned int)+0x1b
V  [libjvm.so+0x29b03b]  CardGeneration::expand(unsigned int, unsigned int)+0x5b
V  [libjvm.so+0x29b0ba]  OneContigSpaceCardGeneration::expand(unsigned int, unsigned int)+0x2a
V  [libjvm.so+0x29b6f5]  CardGeneration::compute_new_size()+0x1d5
V  [libjvm.so+0x28f7b9]  GenCollectedHeap::do_collection(bool, bool, unsigned int, bool, int)+0x679
V  [libjvm.so+0x1b765f]  GenCollectorPolicy::satisfy_failed_allocation(unsigned int, bool)+0x10f
V  [libjvm.so+0x5b9014]  VM_GenCollectForAllocation::doit()+0x74
V  [libjvm.so+0x5c2887]  VM_Operation::evaluate()+0x47
V  [libjvm.so+0x5c0963]  VMThread::evaluate_operation(VM_Operation*)+0xb3
V  [libjvm.so+0x5c0d00]  VMThread::loop()+0x1b0
V  [libjvm.so+0x5c1165]  VMThread::run()+0x85
V  [libjvm.so+0x49ecb9]  java_start(Thread*)+0x119
C  [libpthread.so.0+0x6f70]  start_thread+0xd0

VM_Operation (0xa0abebe0): GenCollectForAllocation, mode: safepoint, requested by thread 0xa3d49400


---------------  P R O C E S S  ---------------

Java Threads: ( => current thread )
  0xa07edc00 JavaThread "Thread-Overview" [_thread_blocked, id=3805, stack(0xa0081000,0xa00d2000)]
  0xa07b6c00 JavaThread "Prism Font Disposer" daemon [_thread_blocked, id=3804, stack(0xa0284000,0xa02d5000)]
  0xa3d77400 JavaThread "JavaFX-Launcher" [_thread_blocked, id=3803, stack(0xa0a1f000,0xa0a70000)]
  0xa3d49400 JavaThread "JavaFX Application Thread" [_thread_blocked, id=3802, stack(0xa0a70000,0xa0ac1000)]
  0xa3d45800 JavaThread "Thread-1" daemon [_thread_blocked, id=3801, stack(0xa0ac1000,0xa0b12000)]
  0xa3d0ac00 JavaThread "QuantumRenderer-0" daemon [_thread_blocked, id=3800, stack(0xa3caf000,0xa3d00000)]
  0xb6983000 JavaThread "Service Thread" daemon [_thread_blocked, id=3798, stack(0xa3f3b000,0xa3f8c000)]
  0xb697fc00 JavaThread "C1 CompilerThread0" daemon [_thread_blocked, id=3797, stack(0xa3f8c000,0xa400d000)]
  0xb697e400 JavaThread "Signal Dispatcher" daemon [_thread_blocked, id=3796, stack(0xa400d000,0xa405e000)]
  0xb6962400 JavaThread "Finalizer" daemon [_thread_blocked, id=3795, stack(0xa425e000,0xa42af000)]
  0xb6960c00 JavaThread "Reference Handler" daemon [_thread_blocked, id=3794, stack(0xa42af000,0xa4300000)]
  0xb6907400 JavaThread "main" [_thread_blocked, id=3792, stack(0xb6a7e000,0xb6acf000)]

Other Threads:
=>0xb695dc00 VMThread [stack: 0xa4432000,0xa44b3000] [id=3793]
  0xb6985400 WatcherThread [stack: 0xa3eba000,0xa3f3b000] [id=3799]

VM state:at safepoint (normal execution)

VM Mutex/Monitor currently owned by a thread:  ([mutex/lock_event])
[0xb6904bb8] Threads_lock - owner thread: 0xb695dc00
[0xb6904fc8] Heap_lock - owner thread: 0xa3d49400

Heap:
 def new generation   total 29440K, used 0K [0xa4c00000, 0xa6bf0000, 0xaa000000)
  eden space 26176K,   0% used [0xa4c00000, 0xa4c00000, 0xa6590000)
  from space 3264K,   0% used [0xa6590000, 0xa6590000, 0xa68c0000)
  to   space 3264K,   0% used [0xa68c0000, 0xa68c0000, 0xa6bf0000)
 tenured generation   total 65392K, used 49200K [0xaa000000, 0xadfdc000, 0xb4800000)
   the space 65392K,  75% used [0xaa000000, 0xad00c110, 0xad00c200, 0xadfdc000)
 Metaspace       used 7330K, capacity 7774K, committed 7832K, reserved 8496K

Card table byte_map: [0xa4b81000,0xa4c00000] byte_map_base: 0xa465b000

Polling page: 0xb779c000

CodeCache: size=32768Kb used=1333Kb max_used=1333Kb free=31434Kb
 bounds [0xb48e6000, 0xb4a36000, 0xb68e6000]
 total_blobs=780 nmethods=452 adapters=258
 compilation: enabled

Compilation events (10 events):
Event: 3.868 Thread 0xb697fc00  450             com.sun.javafx.geom.transform.AffineBase::isTranslateOrIdentity (22 bytes)
Event: 3.869 Thread 0xb697fc00 nmethod 450 0xb4a321c8 code [0xb4a322e0, 0xb4a323e4]
Event: 3.869 Thread 0xb697fc00  451             javafxmandelbrot.Pixel::getColor (5 bytes)
Event: 3.869 Thread 0xb697fc00 nmethod 451 0xb4a32488 code [0xb4a32580, 0xb4a32600]
Event: 3.869 Thread 0xb697fc00  452             javafxmandelbrot.Pixel::getX (5 bytes)
Event: 3.869 Thread 0xb697fc00 nmethod 452 0xb4a32648 code [0xb4a32740, 0xb4a327c0]
Event: 3.869 Thread 0xb697fc00  453             javafxmandelbrot.Pixel::getY (5 bytes)
Event: 3.869 Thread 0xb697fc00 nmethod 453 0xb4a32808 code [0xb4a32900, 0xb4a32980]
Event: 4.029 Thread 0xb697fc00  454 %           javafxmandelbrot.PixelManager::run @ 10 (68 bytes)
Event: 4.030 Thread 0xb697fc00 nmethod 454% 0xb4a329c8 code [0xb4a32b40, 0xb4a32e88]

GC Heap History (10 events):
Event: 19.878 GC heap after
Heap after GC invocations=388 (full 3):
 def new generation   total 29440K, used 1648K [0xa4c00000, 0xa6bf0000, 0xaa000000)
  eden space 26176K,   0% used [0xa4c00000, 0xa4c00000, 0xa6590000)
  from space 3264K,  50% used [0xa68c0000, 0xa6a5c110, 0xa6bf0000)
  to   space 3264K,   0% used [0xa6590000, 0xa6590000, 0xa68c0000)
 tenured generation   total 65264K, used 65142K [0xaa000000, 0xadfbc000, 0xb4800000)
   the space 65264K,  99% used [0xaa000000, 0xadf9d850, 0xadf9da00, 0xadfbc000)
 Metaspace       used 7330K, capacity 7774K, committed 7832K, reserved 8496K
}
Event: 19.885 GC heap before
{Heap before GC invocations=388 (full 3):
 def new generation   total 29440K, used 26949K [0xa4c00000, 0xa6bf0000, 0xaa000000)
  eden space 26176K,  96% used [0xa4c00000, 0xa64b56c0, 0xa6590000)
  from space 3264K,  50% used [0xa68c0000, 0xa6a5c110, 0xa6bf0000)
  to   space 3264K,   0% used [0xa6590000, 0xa6590000, 0xa68c0000)
 tenured generation   total 65264K, used 65142K [0xaa000000, 0xadfbc000, 0xb4800000)
   the space 65264K,  99% used [0xaa000000, 0xadf9d850, 0xadf9da00, 0xadfbc000)
 Metaspace       used 7330K, capacity 7774K, committed 7832K, reserved 8496K
Event: 19.887 GC heap after
Heap after GC invocations=389 (full 3):
 def new generation   total 29440K, used 1650K [0xa4c00000, 0xa6bf0000, 0xaa000000)
  eden space 26176K,   0% used [0xa4c00000, 0xa4c00000, 0xa6590000)
  from space 3264K,  50% used [0xa6590000, 0xa672c990, 0xa68c0000)
  to   space 3264K,   0% used [0xa68c0000, 0xa68c0000, 0xa6bf0000)
 tenured generation   total 65264K, used 65163K [0xaa000000, 0xadfbc000, 0xb4800000)
   the space 65264K,  99% used [0xaa000000, 0xadfa2d50, 0xadfa2e00, 0xadfbc000)
 Metaspace       used 7330K, capacity 7774K, committed 7832K, reserved 8496K
}
Event: 19.894 GC heap before
{Heap before GC invocations=389 (full 3):
 def new generation   total 29440K, used 26988K [0xa4c00000, 0xa6bf0000, 0xaa000000)
  eden space 26176K,  96% used [0xa4c00000, 0xa64be750, 0xa6590000)
  from space 3264K,  50% used [0xa6590000, 0xa672c990, 0xa68c0000)
  to   space 3264K,   0% used [0xa68c0000, 0xa68c0000, 0xa6bf0000)
 tenured generation   total 65264K, used 65163K [0xaa000000, 0xadfbc000, 0xb4800000)
   the space 65264K,  99% used [0xaa000000, 0xadfa2d50, 0xadfa2e00, 0xadfbc000)
 Metaspace       used 7330K, capacity 7774K, committed 7832K, reserved 8496K
Event: 19.895 GC heap after
Heap after GC invocations=390 (full 3):
 def new generation   total 29440K, used 1652K [0xa4c00000, 0xa6bf0000, 0xaa000000)
  eden space 26176K,   0% used [0xa4c00000, 0xa4c00000, 0xa6590000)
  from space 3264K,  50% used [0xa68c0000, 0xa6a5d210, 0xa6bf0000)
  to   space 3264K,   0% used [0xa6590000, 0xa6590000, 0xa68c0000)
 tenured generation   total 65264K, used 65184K [0xaa000000, 0xadfbc000, 0xb4800000)
   the space 65264K,  99% used [0xaa000000, 0xadfa8250, 0xadfa8400, 0xadfbc000)
 Metaspace       used 7330K, capacity 7774K, committed 7832K, reserved 8496K
}
Event: 19.903 GC heap before
{Heap before GC invocations=390 (full 3):
 def new generation   total 29440K, used 27026K [0xa4c00000, 0xa6bf0000, 0xaa000000)
  eden space 26176K,  96% used [0xa4c00000, 0xa64c77e0, 0xa6590000)
  from space 3264K,  50% used [0xa68c0000, 0xa6a5d210, 0xa6bf0000)
  to   space 3264K,   0% used [0xa6590000, 0xa6590000, 0xa68c0000)
 tenured generation   total 65264K, used 65184K [0xaa000000, 0xadfbc000, 0xb4800000)
   the space 65264K,  99% used [0xaa000000, 0xadfa8250, 0xadfa8400, 0xadfbc000)
 Metaspace       used 7330K, capacity 7774K, committed 7832K, reserved 8496K
Event: 19.904 GC heap after
Heap after GC invocations=391 (full 3):
 def new generation   total 29440K, used 1654K [0xa4c00000, 0xa6bf0000, 0xaa000000)
  eden space 26176K,   0% used [0xa4c00000, 0xa4c00000, 0xa6590000)
  from space 3264K,  50% used [0xa6590000, 0xa672da90, 0xa68c0000)
  to   space 3264K,   0% used [0xa68c0000, 0xa68c0000, 0xa6bf0000)
 tenured generation   total 65264K, used 65205K [0xaa000000, 0xadfbc000, 0xb4800000)
   the space 65264K,  99% used [0xaa000000, 0xadfad750, 0xadfad800, 0xadfbc000)
 Metaspace       used 7330K, capacity 7774K, committed 7832K, reserved 8496K
}
Event: 19.912 GC heap before
{Heap before GC invocations=391 (full 3):
 def new generation   total 29440K, used 27064K [0xa4c00000, 0xa6bf0000, 0xaa000000)
  eden space 26176K,  97% used [0xa4c00000, 0xa64d0870, 0xa6590000)
  from space 3264K,  50% used [0xa6590000, 0xa672da90, 0xa68c0000)
  to   space 3264K,   0% used [0xa68c0000, 0xa68c0000, 0xa6bf0000)
 tenured generation   total 65264K, used 65205K [0xaa000000, 0xadfbc000, 0xb4800000)
   the space 65264K,  99% used [0xaa000000, 0xadfad750, 0xadfad800, 0xadfbc000)
 Metaspace       used 7330K, capacity 7774K, committed 7832K, reserved 8496K
Event: 19.913 GC heap after
Heap after GC invocations=392 (full 3):
 def new generation   total 29440K, used 1635K [0xa4c00000, 0xa6bf0000, 0xaa000000)
  eden space 26176K,   0% used [0xa4c00000, 0xa4c00000, 0xa6590000)
  from space 3264K,  50% used [0xa68c0000, 0xa6a58e10, 0xa6bf0000)
  to   space 3264K,   0% used [0xa6590000, 0xa6590000, 0xa68c0000)
 tenured generation   total 65264K, used 65248K [0xaa000000, 0xadfbc000, 0xb4800000)
   the space 65264K,  99% used [0xaa000000, 0xadfb8150, 0xadfb8200, 0xadfbc000)
 Metaspace       used 7330K, capacity 7774K, committed 7832K, reserved 8496K
}
Event: 19.920 GC heap before
{Heap before GC invocations=392 (full 3):
 def new generation   total 29440K, used 27081K [0xa4c00000, 0xa6bf0000, 0xaa000000)
  eden space 26176K,  97% used [0xa4c00000, 0xa64d98f8, 0xa6590000)
  from space 3264K,  50% used [0xa68c0000, 0xa6a58e10, 0xa6bf0000)
  to   space 3264K,   0% used [0xa6590000, 0xa6590000, 0xa68c0000)
 tenured generation   total 65264K, used 65248K [0xaa000000, 0xadfbc000, 0xb4800000)
   the space 65264K,  99% used [0xaa000000, 0xadfb8150, 0xadfb8200, 0xadfbc000)
 Metaspace       used 7330K, capacity 7774K, committed 7832K, reserved 8496K

Deoptimization events (0 events):
No events

Internal exceptions (10 events):
Event: 0.057 Thread 0xb6907400 Exception <a 'java/lang/NoSuchMethodError': Method sun.misc.Unsafe.prefetchRead(Ljava/lang/Object;J)V name or signature does not match> (0xa4c10860) thrown at [/HUDSON/workspace/8-2-build-linux-i586/jdk8u73/6086/hotspot/src/share/vm/prims/jni.cpp, line 39
Event: 0.430 Thread 0xb6907400 Exception <a 'java/lang/NoSuchFieldError': method resolution failed> (0xa4d81df0) thrown at [/HUDSON/workspace/8-2-build-linux-i586/jdk8u73/6086/hotspot/src/share/vm/prims/methodHandles.cpp, line 1146]
Event: 0.432 Thread 0xb6907400 Exception <a 'java/lang/NoSuchFieldError': method resolution failed> (0xa4d8df50) thrown at [/HUDSON/workspace/8-2-build-linux-i586/jdk8u73/6086/hotspot/src/share/vm/prims/methodHandles.cpp, line 1146]
Event: 0.514 Thread 0xb6907400 Exception <a 'java/security/PrivilegedActionException'> (0xa4e0c680) thrown at [/HUDSON/workspace/8-2-build-linux-i586/jdk8u73/6086/hotspot/src/share/vm/prims/jvm.cpp, line 1386]
Event: 0.514 Thread 0xb6907400 Exception <a 'java/security/PrivilegedActionException'> (0xa4e0c880) thrown at [/HUDSON/workspace/8-2-build-linux-i586/jdk8u73/6086/hotspot/src/share/vm/prims/jvm.cpp, line 1386]
Event: 0.514 Thread 0xb6907400 Exception <a 'java/security/PrivilegedActionException'> (0xa4e0e8f8) thrown at [/HUDSON/workspace/8-2-build-linux-i586/jdk8u73/6086/hotspot/src/share/vm/prims/jvm.cpp, line 1386]
Event: 0.514 Thread 0xb6907400 Exception <a 'java/security/PrivilegedActionException'> (0xa4e0eaf8) thrown at [/HUDSON/workspace/8-2-build-linux-i586/jdk8u73/6086/hotspot/src/share/vm/prims/jvm.cpp, line 1386]
Event: 0.518 Thread 0xb6907400 Exception <a 'java/lang/NullPointerException'> (0xa4e0f060) thrown at [/HUDSON/workspace/8-2-build-linux-i586/jdk8u73/6086/hotspot/src/share/vm/interpreter/linkResolver.cpp, line 1178]
Event: 2.418 Thread 0xa3d49400 Exception <a 'java/lang/NullPointerException'> (0xa4f637c0) thrown at [/HUDSON/workspace/8-2-build-linux-i586/jdk8u73/6086/hotspot/src/share/vm/interpreter/linkResolver.cpp, line 1178]
Event: 2.418 Thread 0xa3d49400 Exception <a 'java/lang/NullPointerException'> (0xa4f637c0) thrown at [/HUDSON/workspace/8-2-build-linux-i586/jdk8u73/6086/hotspot/src/share/vm/prims/jvm.cpp, line 1390]

Events (10 events):
Event: 19.878 Executing VM operation: GenCollectForAllocation done
Event: 19.885 Executing VM operation: GenCollectForAllocation
Event: 19.887 Executing VM operation: GenCollectForAllocation done
Event: 19.894 Executing VM operation: GenCollectForAllocation
Event: 19.895 Executing VM operation: GenCollectForAllocation done
Event: 19.903 Executing VM operation: GenCollectForAllocation
Event: 19.904 Executing VM operation: GenCollectForAllocation done
Event: 19.912 Executing VM operation: GenCollectForAllocation
Event: 19.913 Executing VM operation: GenCollectForAllocation done
Event: 19.920 Executing VM operation: GenCollectForAllocation


Dynamic libraries:
08048000-08049000 r-xp 00000000 08:11 3645538    /home/user/jdk1.8.0_73/jre/bin/java
08049000-0804a000 rw-p 00000000 08:11 3645538    /home/user/jdk1.8.0_73/jre/bin/java
08e32000-0902e000 rw-p 00000000 00:00 0          [heap]
a0081000-a0084000 ---p 00000000 00:00 0 
a0084000-a00d2000 rw-p 00000000 00:00 0          [stack:3805]
a00d2000-a0124000 r--p 00000000 08:02 890505     /usr/share/fonts/truetype/dejavu/DejaVuSansMono.ttf
a0124000-a0172000 r--p 00000000 08:02 890509     /usr/share/fonts/truetype/dejavu/DejaVuSansMono-Bold.ttf
a0172000-a01d2000 rw-p 00000000 00:00 0 
a01d2000-a0272000 ---p 00000000 00:00 0 
a0272000-a0284000 r--s 00345000 08:11 3639093    /home/user/jdk1.8.0_73/jre/lib/resources.jar
a0284000-a0287000 ---p 00000000 00:00 0 
a0287000-a02d5000 rw-p 00000000 00:00 0          [stack:3804]
a02d5000-a038b000 r--p 00000000 08:02 890507     /usr/share/fonts/truetype/dejavu/DejaVuSans.ttf
a038b000-a039f000 r--p 00000000 08:11 3638986    /home/user/jdk1.8.0_73/jre/lib/fonts/LucidaBrightItalic.ttf
a039f000-a03f4000 r--p 00000000 08:11 3638968    /home/user/jdk1.8.0_73/jre/lib/fonts/LucidaBrightRegular.ttf
a03f4000-a0442000 r--p 00000000 08:11 3638988    /home/user/jdk1.8.0_73/jre/lib/fonts/LucidaSansDemiBold.ttf
a0442000-a0455000 r--p 00000000 08:11 3638950    /home/user/jdk1.8.0_73/jre/lib/fonts/LucidaBrightDemiItalic.ttf
a0455000-a0491000 r--p 00000000 08:11 3638947    /home/user/jdk1.8.0_73/jre/lib/fonts/LucidaTypewriterRegular.ttf
a0491000-a04cb000 r--p 00000000 08:11 3638961    /home/user/jdk1.8.0_73/jre/lib/fonts/LucidaTypewriterBold.ttf
a04cb000-a04de000 r--p 00000000 08:11 3638962    /home/user/jdk1.8.0_73/jre/lib/fonts/LucidaBrightDemiBold.ttf
a04de000-a0589000 r--p 00000000 08:11 3639002    /home/user/jdk1.8.0_73/jre/lib/fonts/LucidaSansRegular.ttf
a0589000-a058d000 r-xp 00000000 08:11 3638985    /home/user/jdk1.8.0_73/jre/lib/i386/libjavafx_font_pango.so
a058d000-a058e000 rw-p 00003000 08:11 3638985    /home/user/jdk1.8.0_73/jre/lib/i386/libjavafx_font_pango.so
a058e000-a0593000 r--s 00084000 08:11 3639276    /home/user/jdk1.8.0_73/jre/lib/jfr.jar
a0593000-a0693000 rw-p 00000000 00:00 0 
a0693000-a06c2000 r-xp 00000000 08:02 900272     /usr/lib/i386-linux-gnu/gtk-2.0/2.10.0/engines/libclearlooks.so
a06c2000-a06c3000 r--p 0002e000 08:02 900272     /usr/lib/i386-linux-gnu/gtk-2.0/2.10.0/engines/libclearlooks.so
a06c3000-a06c4000 rw-p 0002f000 08:02 900272     /usr/lib/i386-linux-gnu/gtk-2.0/2.10.0/engines/libclearlooks.so
a06c4000-a06cc000 r--s 00000000 08:02 572666     /var/cache/fontconfig/945677eb7aeaf62f1d50efc3fb3ec7d8-le32d4.cache-4
a06cc000-a06d0000 r--s 00000000 08:02 572692     /var/cache/fontconfig/2cd17615ca594fa2959ae173292e504c-le32d4.cache-4
a06d0000-a06d1000 r--s 00000000 08:02 572691     /var/cache/fontconfig/e7071f4a29fa870f4323321c154eba04-le32d4.cache-4
a06d1000-a06d2000 r--s 00000000 08:02 572690     /var/cache/fontconfig/0d8c3b2ac0904cb8a57a757ad11a4a08-le32d4.cache-4
a06d2000-a06d7000 r--s 00000000 08:02 572689     /var/cache/fontconfig/a755afe4a08bf5b97852ceb7400b47bc-le32d4.cache-4
a06d7000-a06e6000 r--s 00000000 08:02 572688     /var/cache/fontconfig/04aabc0a78ac019cf9454389977116d2-le32d4.cache-4
a06e6000-a06e7000 r--s 00000000 08:02 572687     /var/cache/fontconfig/1ac9eb803944fde146138c791f5cc56a-le32d4.cache-4
a06e7000-a06ea000 r--s 00000000 08:02 572686     /var/cache/fontconfig/385c0604a188198f04d133e54aba7fe7-le32d4.cache-4
a06ea000-a06eb000 r--s 00000000 08:02 572685     /var/cache/fontconfig/dc05db6664285cc2f12bf69c139ae4c3-le32d4.cache-4
a06eb000-a06f0000 r--s 00000000 08:02 572682     /var/cache/fontconfig/3047814df9a2f067bd2d96a2b9c36e5a-le32d4.cache-4
a06f0000-a0700000 r--s 00000000 08:02 572678     /var/cache/fontconfig/d52a8644073d54c13679302ca1180695-le32d4.cache-4
a0700000-a07fb000 rw-p 00000000 00:00 0 
a07fb000-a0800000 ---p 00000000 00:00 0 
a0800000-a0804000 r--s 00000000 08:02 572683     /var/cache/fontconfig/8801497958630a81b71ace7c5f9b32a8-le32d4.cache-4
a0804000-a0808000 r--s 00000000 08:02 572679     /var/cache/fontconfig/b47c4e1ecd0709278f4910c18777a504-le32d4.cache-4
a0808000-a080f000 r--s 00000000 08:02 572677     /var/cache/fontconfig/3f7329c5293ffd510edef78f73874cfd-le32d4.cache-4
a080f000-a0812000 r--s 00000000 08:02 572676     /var/cache/fontconfig/d589a48862398ed80a3d6066f4f56f4c-le32d4.cache-4
a0812000-a0815000 r--s 00000000 08:02 572675     /var/cache/fontconfig/7ef2298fde41cc6eeb7af42e48b7d293-le32d4.cache-4
a0815000-a081a000 r-xp 00000000 08:11 3638957    /home/user/jdk1.8.0_73/jre/lib/i386/libjavafx_font_freetype.so
a081a000-a081b000 rw-p 00004000 08:11 3638957    /home/user/jdk1.8.0_73/jre/lib/i386/libjavafx_font_freetype.so
a081b000-a081e000 r-xp 00000000 08:11 3639070    /home/user/jdk1.8.0_73/jre/lib/i386/libjavafx_font.so
a081e000-a081f000 rw-p 00002000 08:11 3639070    /home/user/jdk1.8.0_73/jre/lib/i386/libjavafx_font.so
a081f000-a091f000 rw-p 00000000 00:00 0 
a091f000-a0a1f000 rw-p 00000000 00:00 0 
a0a1f000-a0a22000 ---p 00000000 00:00 0 
a0a22000-a0a70000 rw-p 00000000 00:00 0          [stack:3803]
a0a70000-a0a73000 ---p 00000000 00:00 0 
a0a73000-a0ac1000 rw-p 00000000 00:00 0          [stack:3802]
a0ac1000-a0ac4000 ---p 00000000 00:00 0 
a0ac4000-a0b12000 rw-p 00000000 00:00 0          [stack:3801]
a0b12000-a0b36000 r-xp 00000000 08:11 3639183    /home/user/jdk1.8.0_73/jre/lib/i386/libglass.so
a0b36000-a0b38000 rw-p 00024000 08:11 3639183    /home/user/jdk1.8.0_73/jre/lib/i386/libglass.so
a0b38000-a0b6d000 r-xp 00000000 08:02 755300     /usr/lib/i386-linux-gnu/libtxc_dxtn_s2tc.so.0.0.0
a0b6d000-a0b6e000 r--p 00034000 08:02 755300     /usr/lib/i386-linux-gnu/libtxc_dxtn_s2tc.so.0.0.0
a0b6e000-a0b6f000 rw-p 00035000 08:02 755300     /usr/lib/i386-linux-gnu/libtxc_dxtn_s2tc.so.0.0.0
a0b6f000-a0b8d000 r-xp 00000000 08:02 138824     /lib/i386-linux-gnu/libtinfo.so.5.9
a0b8d000-a0b8e000 ---p 0001e000 08:02 138824     /lib/i386-linux-gnu/libtinfo.so.5.9
a0b8e000-a0b90000 r--p 0001e000 08:02 138824     /lib/i386-linux-gnu/libtinfo.so.5.9
a0b90000-a0b91000 rw-p 00020000 08:02 138824     /lib/i386-linux-gnu/libtinfo.so.5.9
a0b91000-a2428000 r-xp 00000000 08:02 755210     /usr/lib/i386-linux-gnu/libLLVM-3.4.so.1
a2428000-a2429000 ---p 01897000 08:02 755210     /usr/lib/i386-linux-gnu/libLLVM-3.4.so.1
a2429000-a253e000 r--p 01897000 08:02 755210     /usr/lib/i386-linux-gnu/libLLVM-3.4.so.1
a253e000-a253f000 rw-p 019ac000 08:02 755210     /usr/lib/i386-linux-gnu/libLLVM-3.4.so.1
a253f000-a254b000 rw-p 00000000 00:00 0 
a254b000-a2758000 r-xp 00000000 08:02 755212     /usr/lib/i386-linux-gnu/libgallium.so.0.0.0
a2758000-a2759000 ---p 0020d000 08:02 755212     /usr/lib/i386-linux-gnu/libgallium.so.0.0.0
a2759000-a2762000 r--p 0020d000 08:02 755212     /usr/lib/i386-linux-gnu/libgallium.so.0.0.0
a2762000-a2764000 rw-p 00216000 08:02 755212     /usr/lib/i386-linux-gnu/libgallium.so.0.0.0
a2764000-a292a000 rw-p 00000000 00:00 0 
a292a000-a2c77000 r-xp 00000000 08:02 793064     /usr/lib/i386-linux-gnu/dri/swrast_dri.so
a2c77000-a2c7f000 r--p 0034d000 08:02 793064     /usr/lib/i386-linux-gnu/dri/swrast_dri.so
a2c7f000-a2c85000 rw-p 00355000 08:02 793064     /usr/lib/i386-linux-gnu/dri/swrast_dri.so
a2c85000-a2ca2000 rw-p 00000000 00:00 0 
a2ca2000-a2ca9000 r-xp 00000000 08:02 756270     /usr/lib/i386-linux-gnu/libdatrie.so.1.3.1
a2ca9000-a2caa000 r--p 00006000 08:02 756270     /usr/lib/i386-linux-gnu/libdatrie.so.1.3.1
a2caa000-a2cab000 rw-p 00007000 08:02 756270     /usr/lib/i386-linux-gnu/libdatrie.so.1.3.1
a2cab000-a2cb0000 r-xp 00000000 08:02 755187     /usr/lib/i386-linux-gnu/libXdmcp.so.6.0.0
a2cb0000-a2cb1000 r--p 00004000 08:02 755187     /usr/lib/i386-linux-gnu/libXdmcp.so.6.0.0
a2cb1000-a2cb2000 rw-p 00005000 08:02 755187     /usr/lib/i386-linux-gnu/libXdmcp.so.6.0.0
a2cb2000-a2cb4000 r-xp 00000000 08:02 755185     /usr/lib/i386-linux-gnu/libXau.so.6.0.0
a2cb4000-a2cb5000 r--p 00001000 08:02 755185     /usr/lib/i386-linux-gnu/libXau.so.6.0.0
a2cb5000-a2cb6000 rw-p 00002000 08:02 755185     /usr/lib/i386-linux-gnu/libXau.so.6.0.0
a2cb6000-a2cd0000 r-xp 00000000 08:02 756295     /usr/lib/i386-linux-gnu/libgraphite2.so.3.0.1
a2cd0000-a2cd1000 r--p 00019000 08:02 756295     /usr/lib/i386-linux-gnu/libgraphite2.so.3.0.1
a2cd1000-a2cd2000 rw-p 0001a000 08:02 756295     /usr/lib/i386-linux-gnu/libgraphite2.so.3.0.1
a2cd2000-a2cdd000 r-xp 00000000 08:02 752212     /usr/lib/i386-linux-gnu/libdrm.so.2.4.0
a2cdd000-a2cde000 r--p 0000a000 08:02 752212     /usr/lib/i386-linux-gnu/libdrm.so.2.4.0
a2cde000-a2cdf000 rw-p 0000b000 08:02 752212     /usr/lib/i386-linux-gnu/libdrm.so.2.4.0
a2cdf000-a2ce0000 r-xp 00000000 08:02 755250     /usr/lib/i386-linux-gnu/libxshmfence.so.1.0.0
a2ce0000-a2ce1000 r--p 00000000 08:02 755250     /usr/lib/i386-linux-gnu/libxshmfence.so.1.0.0
a2ce1000-a2ce2000 rw-p 00001000 08:02 755250     /usr/lib/i386-linux-gnu/libxshmfence.so.1.0.0
a2ce2000-a2ce7000 r-xp 00000000 08:02 755246     /usr/lib/i386-linux-gnu/libxcb-sync.so.1.0.0
a2ce7000-a2ce8000 r--p 00004000 08:02 755246     /usr/lib/i386-linux-gnu/libxcb-sync.so.1.0.0
a2ce8000-a2ce9000 rw-p 00005000 08:02 755246     /usr/lib/i386-linux-gnu/libxcb-sync.so.1.0.0
a2ce9000-a2ceb000 r-xp 00000000 08:02 755244     /usr/lib/i386-linux-gnu/libxcb-present.so.0.0.0
a2ceb000-a2cec000 r--p 00001000 08:02 755244     /usr/lib/i386-linux-gnu/libxcb-present.so.0.0.0
a2cec000-a2ced000 rw-p 00002000 08:02 755244     /usr/lib/i386-linux-gnu/libxcb-present.so.0.0.0
a2ced000-a2cef000 r-xp 00000000 08:02 755240     /usr/lib/i386-linux-gnu/libxcb-dri3.so.0.0.0
a2cef000-a2cf0000 r--p 00001000 08:02 755240     /usr/lib/i386-linux-gnu/libxcb-dri3.so.0.0.0
a2cf0000-a2cf1000 rw-p 00002000 08:02 755240     /usr/lib/i386-linux-gnu/libxcb-dri3.so.0.0.0
a2cf1000-a2cf5000 r-xp 00000000 08:02 755219     /usr/lib/i386-linux-gnu/libxcb-dri2.so.0.0.0
a2cf5000-a2cf6000 r--p 00003000 08:02 755219     /usr/lib/i386-linux-gnu/libxcb-dri2.so.0.0.0
a2cf6000-a2cf7000 rw-p 00004000 08:02 755219     /usr/lib/i386-linux-gnu/libxcb-dri2.so.0.0.0
a2cf7000-a2d0d000 r-xp 00000000 08:02 755242     /usr/lib/i386-linux-gnu/libxcb-glx.so.0.0.0
a2d0d000-a2d0e000 r--p 00016000 08:02 755242     /usr/lib/i386-linux-gnu/libxcb-glx.so.0.0.0
a2d0e000-a2d0f000 rw-p 00017000 08:02 755242     /usr/lib/i386-linux-gnu/libxcb-glx.so.0.0.0
a2d0f000-a2d10000 r-xp 00000000 08:02 755223     /usr/lib/i386-linux-gnu/libX11-xcb.so.1.0.0
a2d10000-a2d11000 r--p 00000000 08:02 755223     /usr/lib/i386-linux-gnu/libX11-xcb.so.1.0.0
a2d11000-a2d12000 rw-p 00001000 08:02 755223     /usr/lib/i386-linux-gnu/libX11-xcb.so.1.0.0
a2d12000-a2d22000 r-xp 00000000 08:02 755228     /usr/lib/i386-linux-gnu/libglapi.so.0.0.0
a2d22000-a2d24000 r--p 0000f000 08:02 755228     /usr/lib/i386-linux-gnu/libglapi.so.0.0.0
a2d24000-a2d29000 rwxp 00011000 08:02 755228     /usr/lib/i386-linux-gnu/libglapi.so.0.0.0
a2d29000-a2d2a000 rwxp 00000000 00:00 0 
a2d2a000-a2d66000 r-xp 00000000 08:02 138876     /lib/i386-linux-gnu/libpcre.so.3.13.1
a2d66000-a2d67000 r--p 0003b000 08:02 138876     /lib/i386-linux-gnu/libpcre.so.3.13.1
a2d67000-a2d68000 rw-p 0003c000 08:02 138876     /lib/i386-linux-gnu/libpcre.so.3.13.1
a2d68000-a2d6d000 r-xp 00000000 08:02 753917     /usr/lib/i386-linux-gnu/libffi.so.6.0.1
a2d6d000-a2d6e000 r--p 00005000 08:02 753917     /usr/lib/i386-linux-gnu/libffi.so.6.0.1
a2d6e000-a2d6f000 rw-p 00006000 08:02 753917     /usr/lib/i386-linux-gnu/libffi.so.6.0.1
a2d6f000-a2d94000 r-xp 00000000 08:02 138970     /lib/i386-linux-gnu/libexpat.so.1.6.0
a2d94000-a2d95000 ---p 00025000 08:02 138970     /lib/i386-linux-gnu/libexpat.so.1.6.0
a2d95000-a2d97000 r--p 00025000 08:02 138970     /lib/i386-linux-gnu/libexpat.so.1.6.0
a2d97000-a2d98000 rw-p 00027000 08:02 138970     /lib/i386-linux-gnu/libexpat.so.1.6.0
a2d98000-a2da0000 r-xp 00000000 08:02 756272     /usr/lib/i386-linux-gnu/libthai.so.0.2.0
a2da0000-a2da1000 r--p 00007000 08:02 756272     /usr/lib/i386-linux-gnu/libthai.so.0.2.0
a2da1000-a2da2000 rw-p 00008000 08:02 756272     /usr/lib/i386-linux-gnu/libthai.so.0.2.0
a2da2000-a2dc2000 r-xp 00000000 08:02 755189     /usr/lib/i386-linux-gnu/libxcb.so.1.1.0
a2dc2000-a2dc3000 r--p 0001f000 08:02 755189     /usr/lib/i386-linux-gnu/libxcb.so.1.1.0
a2dc3000-a2dc4000 rw-p 00020000 08:02 755189     /usr/lib/i386-linux-gnu/libxcb.so.1.1.0
a2dc4000-a2dcc000 r-xp 00000000 08:02 756251     /usr/lib/i386-linux-gnu/libxcb-render.so.0.0.0
a2dcc000-a2dcd000 r--p 00008000 08:02 756251     /usr/lib/i386-linux-gnu/libxcb-render.so.0.0.0
a2dcd000-a2dce000 rw-p 00009000 08:02 756251     /usr/lib/i386-linux-gnu/libxcb-render.so.0.0.0
a2dce000-a2dd0000 r-xp 00000000 08:02 756253     /usr/lib/i386-linux-gnu/libxcb-shm.so.0.0.0
a2dd0000-a2dd1000 r--p 00001000 08:02 756253     /usr/lib/i386-linux-gnu/libxcb-shm.so.0.0.0
a2dd1000-a2dd2000 rw-p 00002000 08:02 756253     /usr/lib/i386-linux-gnu/libxcb-shm.so.0.0.0
a2dd2000-a2df8000 r-xp 00000000 08:02 138816     /lib/i386-linux-gnu/libpng12.so.0.50.0
a2df8000-a2df9000 r--p 00025000 08:02 138816     /lib/i386-linux-gnu/libpng12.so.0.50.0
a2df9000-a2dfa000 rw-p 00026000 08:02 138816     /lib/i386-linux-gnu/libpng12.so.0.50.0
a2dfa000-a2e9e000 r-xp 00000000 08:02 755266     /usr/lib/i386-linux-gnu/libpixman-1.so.0.30.2
a2e9e000-a2ea3000 r--p 000a4000 08:02 755266     /usr/lib/i386-linux-gnu/libpixman-1.so.0.30.2
a2ea3000-a2ea4000 rw-p 000a9000 08:02 755266     /usr/lib/i386-linux-gnu/libpixman-1.so.0.30.2
a2ea4000-a2ef8000 r-xp 00000000 08:02 756298     /usr/lib/i386-linux-gnu/libharfbuzz.so.0.927.0
a2ef8000-a2ef9000 r--p 00054000 08:02 756298     /usr/lib/i386-linux-gnu/libharfbuzz.so.0.927.0
a2ef9000-a2efa000 rw-p 00055000 08:02 756298     /usr/lib/i386-linux-gnu/libharfbuzz.so.0.927.0
a2efa000-a2f0d000 r-xp 00000000 08:02 138756     /lib/i386-linux-gnu/libresolv-2.19.so
a2f0d000-a2f0e000 ---p 00013000 08:02 138756     /lib/i386-linux-gnu/libresolv-2.19.so
a2f0e000-a2f0f000 r--p 00013000 08:02 138756     /lib/i386-linux-gnu/libresolv-2.19.so
a2f0f000-a2f10000 rw-p 00014000 08:02 138756     /lib/i386-linux-gnu/libresolv-2.19.so
a2f10000-a2f12000 rw-p 00000000 00:00 0 
a2f12000-a2f32000 r-xp 00000000 08:02 138818     /lib/i386-linux-gnu/libselinux.so.1
a2f32000-a2f33000 r--p 0001f000 08:02 138818     /lib/i386-linux-gnu/libselinux.so.1
a2f33000-a2f34000 rw-p 00020000 08:02 138818     /lib/i386-linux-gnu/libselinux.so.1
a2f34000-a2f35000 rw-p 00000000 00:00 0 
a2f35000-a2f4d000 r-xp 00000000 08:02 138966     /lib/i386-linux-gnu/libz.so.1.2.8
a2f4d000-a2f4e000 r--p 00017000 08:02 138966     /lib/i386-linux-gnu/libz.so.1.2.8
a2f4e000-a2f4f000 rw-p 00018000 08:02 138966     /lib/i386-linux-gnu/libz.so.1.2.8
a2f4f000-a2f60000 r-xp 00000000 08:02 755196     /usr/lib/i386-linux-gnu/libXext.so.6.4.0
a2f60000-a2f61000 r--p 00010000 08:02 755196     /usr/lib/i386-linux-gnu/libXext.so.6.4.0
a2f61000-a2f62000 rw-p 00011000 08:02 755196     /usr/lib/i386-linux-gnu/libXext.so.6.4.0
a2f62000-a2f64000 r-xp 00000000 08:02 755248     /usr/lib/i386-linux-gnu/libXdamage.so.1.1.0
a2f64000-a2f65000 r--p 00001000 08:02 755248     /usr/lib/i386-linux-gnu/libXdamage.so.1.1.0
a2f65000-a2f66000 rw-p 00002000 08:02 755248     /usr/lib/i386-linux-gnu/libXdamage.so.1.1.0
a2f66000-a2f6f000 r-xp 00000000 08:02 756308     /usr/lib/i386-linux-gnu/libXcursor.so.1.0.2
a2f6f000-a2f70000 r--p 00008000 08:02 756308     /usr/lib/i386-linux-gnu/libXcursor.so.1.0.2
a2f70000-a2f71000 rw-p 00009000 08:02 756308     /usr/lib/i386-linux-gnu/libXcursor.so.1.0.2
a2f71000-a2f7a000 r-xp 00000000 08:02 755292     /usr/lib/i386-linux-gnu/libXrandr.so.2.2.0
a2f7a000-a2f7b000 r--p 00008000 08:02 755292     /usr/lib/i386-linux-gnu/libXrandr.so.2.2.0
a2f7b000-a2f7c000 rw-p 00009000 08:02 755292     /usr/lib/i386-linux-gnu/libXrandr.so.2.2.0
a2f7c000-a2f8b000 r-xp 00000000 08:02 755284     /usr/lib/i386-linux-gnu/libXi.so.6.1.0
a2f8b000-a2f8c000 r--p 0000e000 08:02 755284     /usr/lib/i386-linux-gnu/libXi.so.6.1.0
a2f8c000-a2f8d000 rw-p 0000f000 08:02 755284     /usr/lib/i386-linux-gnu/libXi.so.6.1.0
a2f8d000-a2f96000 r-xp 00000000 08:02 755290     /usr/lib/i386-linux-gnu/libXrender.so.1.3.0
a2f96000-a2f97000 r--p 00008000 08:02 755290     /usr/lib/i386-linux-gnu/libXrender.so.1.3.0
a2f97000-a2f98000 rw-p 00009000 08:02 755290     /usr/lib/i386-linux-gnu/libXrender.so.1.3.0
a2f98000-a2f9c000 r-xp 00000000 08:02 755232     /usr/lib/i386-linux-gnu/libXfixes.so.3.1.0
a2f9c000-a2f9d000 r--p 00003000 08:02 755232     /usr/lib/i386-linux-gnu/libXfixes.so.3.1.0
a2f9d000-a2f9e000 rw-p 00004000 08:02 755232     /usr/lib/i386-linux-gnu/libXfixes.so.3.1.0
a2f9e000-a2fba000 r-xp 00000000 08:02 138766     /lib/i386-linux-gnu/libgcc_s.so.1
a2fba000-a2fbb000 rw-p 0001b000 08:02 138766     /lib/i386-linux-gnu/libgcc_s.so.1
a2fbb000-a3097000 r-xp 00000000 08:02 753945     /usr/lib/i386-linux-gnu/libstdc++.so.6.0.19
a3097000-a3098000 ---p 000dc000 08:02 753945     /usr/lib/i386-linux-gnu/libstdc++.so.6.0.19
a3098000-a309c000 r--p 000dc000 08:02 753945     /usr/lib/i386-linux-gnu/libstdc++.so.6.0.19
a309c000-a309d000 rw-p 000e0000 08:02 753945     /usr/lib/i386-linux-gnu/libstdc++.so.6.0.19
a309d000-a30a4000 rw-p 00000000 00:00 0 
a30a4000-a30fd000 r-xp 00000000 08:02 883415     /usr/lib/i386-linux-gnu/mesa/libGL.so.1.2.0
a30fd000-a30ff000 r--p 00058000 08:02 883415     /usr/lib/i386-linux-gnu/mesa/libGL.so.1.2.0
a30ff000-a3104000 rwxp 0005a000 08:02 883415     /usr/lib/i386-linux-gnu/mesa/libGL.so.1.2.0
a3104000-a3108000 r-xp 00000000 08:02 755252     /usr/lib/i386-linux-gnu/libXxf86vm.so.1.0.0
a3108000-a3109000 r--p 00004000 08:02 755252     /usr/lib/i386-linux-gnu/libXxf86vm.so.1.0.0
a3109000-a310a000 rw-p 00005000 08:02 755252     /usr/lib/i386-linux-gnu/libXxf86vm.so.1.0.0
a310a000-a323a000 r-xp 00000000 08:02 755194     /usr/lib/i386-linux-gnu/libX11.so.6.3.0
a323a000-a323b000 r--p 00130000 08:02 755194     /usr/lib/i386-linux-gnu/libX11.so.6.3.0
a323b000-a323d000 rw-p 00131000 08:02 755194     /usr/lib/i386-linux-gnu/libX11.so.6.3.0
a323d000-a323e000 rw-p 00000000 00:00 0 
a323e000-a3243000 r-xp 00000000 08:02 757199     /usr/lib/i386-linux-gnu/libXtst.so.6.1.0
a3243000-a3244000 r--p 00004000 08:02 757199     /usr/lib/i386-linux-gnu/libXtst.so.6.1.0
a3244000-a3245000 rw-p 00005000 08:02 757199     /usr/lib/i386-linux-gnu/libXtst.so.6.1.0
a3245000-a334f000 r-xp 00000000 08:02 141453     /lib/i386-linux-gnu/libglib-2.0.so.0.4000.0
a334f000-a3350000 r--p 00109000 08:02 141453     /lib/i386-linux-gnu/libglib-2.0.so.0.4000.0
a3350000-a3351000 rw-p 0010a000 08:02 141453     /lib/i386-linux-gnu/libglib-2.0.so.0.4000.0
a3351000-a33a1000 r-xp 00000000 08:02 755067     /usr/lib/i386-linux-gnu/libgobject-2.0.so.0.4000.0
a33a1000-a33a2000 r--p 0004f000 08:02 755067     /usr/lib/i386-linux-gnu/libgobject-2.0.so.0.4000.0
a33a2000-a33a3000 rw-p 00050000 08:02 755067     /usr/lib/i386-linux-gnu/libgobject-2.0.so.0.4000.0
a33a3000-a33dc000 r-xp 00000000 08:02 756249     /usr/lib/i386-linux-gnu/libfontconfig.so.1.8.0
a33dc000-a33dd000 r--p 00039000 08:02 756249     /usr/lib/i386-linux-gnu/libfontconfig.so.1.8.0
a33dd000-a33de000 rw-p 0003a000 08:02 756249     /usr/lib/i386-linux-gnu/libfontconfig.so.1.8.0
a33de000-a3478000 r-xp 00000000 08:02 755238     /usr/lib/i386-linux-gnu/libfreetype.so.6.11.1
a3478000-a347c000 r--p 0009a000 08:02 755238     /usr/lib/i386-linux-gnu/libfreetype.so.6.11.1
a347c000-a347d000 rw-p 0009e000 08:02 755238     /usr/lib/i386-linux-gnu/libfreetype.so.6.11.1
a347d000-a34c7000 r-xp 00000000 08:02 756292     /usr/lib/i386-linux-gnu/libpango-1.0.so.0.3600.3
a34c7000-a34c8000 ---p 0004a000 08:02 756292     /usr/lib/i386-linux-gnu/libpango-1.0.so.0.3600.3
a34c8000-a34c9000 r--p 0004a000 08:02 756292     /usr/lib/i386-linux-gnu/libpango-1.0.so.0.3600.3
a34c9000-a34ca000 rw-p 0004b000 08:02 756292     /usr/lib/i386-linux-gnu/libpango-1.0.so.0.3600.3
a34ca000-a35e9000 r-xp 00000000 08:02 756255     /usr/lib/i386-linux-gnu/libcairo.so.2.11301.0
a35e9000-a35eb000 r--p 0011e000 08:02 756255     /usr/lib/i386-linux-gnu/libcairo.so.2.11301.0
a35eb000-a35ec000 rw-p 00120000 08:02 756255     /usr/lib/i386-linux-gnu/libcairo.so.2.11301.0
a35ec000-a35ed000 rw-p 00000000 00:00 0 
a35ed000-a360e000 r-xp 00000000 08:02 756236     /usr/lib/i386-linux-gnu/libgdk_pixbuf-2.0.so.0.3000.7
a360e000-a360f000 r--p 00020000 08:02 756236     /usr/lib/i386-linux-gnu/libgdk_pixbuf-2.0.so.0.3000.7
a360f000-a3610000 rw-p 00021000 08:02 756236     /usr/lib/i386-linux-gnu/libgdk_pixbuf-2.0.so.0.3000.7
a3610000-a378d000 r-xp 00000000 08:02 755066     /usr/lib/i386-linux-gnu/libgio-2.0.so.0.4000.0
a378d000-a378f000 r--p 0017c000 08:02 755066     /usr/lib/i386-linux-gnu/libgio-2.0.so.0.4000.0
a378f000-a3790000 rw-p 0017e000 08:02 755066     /usr/lib/i386-linux-gnu/libgio-2.0.so.0.4000.0
a3790000-a3791000 rw-p 00000000 00:00 0 
a3791000-a383c000 r-xp 00000000 08:02 756993     /usr/lib/i386-linux-gnu/libgdk-x11-2.0.so.0.2400.23
a383c000-a383d000 ---p 000ab000 08:02 756993     /usr/lib/i386-linux-gnu/libgdk-x11-2.0.so.0.2400.23
a383d000-a383f000 r--p 000ab000 08:02 756993     /usr/lib/i386-linux-gnu/libgdk-x11-2.0.so.0.2400.23
a383f000-a3840000 rw-p 000ad000 08:02 756993     /usr/lib/i386-linux-gnu/libgdk-x11-2.0.so.0.2400.23
a3840000-a3ca7000 r-xp 00000000 08:02 756994     /usr/lib/i386-linux-gnu/libgtk-x11-2.0.so.0.2400.23
a3ca7000-a3cab000 r--p 00466000 08:02 756994     /usr/lib/i386-linux-gnu/libgtk-x11-2.0.so.0.2400.23
a3cab000-a3cad000 rw-p 0046a000 08:02 756994     /usr/lib/i386-linux-gnu/libgtk-x11-2.0.so.0.2400.23
a3cad000-a3caf000 rw-p 00000000 00:00 0 
a3caf000-a3cb2000 ---p 00000000 00:00 0 
a3cb2000-a3d00000 rw-p 00000000 00:00 0          [stack:3800]
a3d00000-a3e00000 rw-p 00000000 00:00 0 
a3e00000-a3e02000 r--s 00000000 08:02 572684     /var/cache/fontconfig/767a8244fc0220cfb567a839d0392e0b-le32d4.cache-4
a3e02000-a3e0d000 r-xp 00000000 08:02 756302     /usr/lib/i386-linux-gnu/libpangocairo-1.0.so.0.3600.3
a3e0d000-a3e0e000 r--p 0000a000 08:02 756302     /usr/lib/i386-linux-gnu/libpangocairo-1.0.so.0.3600.3
a3e0e000-a3e0f000 rw-p 0000b000 08:02 756302     /usr/lib/i386-linux-gnu/libpangocairo-1.0.so.0.3600.3
a3e0f000-a3e23000 r-xp 00000000 08:02 756300     /usr/lib/i386-linux-gnu/libpangoft2-1.0.so.0.3600.3
a3e23000-a3e24000 r--p 00013000 08:02 756300     /usr/lib/i386-linux-gnu/libpangoft2-1.0.so.0.3600.3
a3e24000-a3e25000 rw-p 00014000 08:02 756300     /usr/lib/i386-linux-gnu/libpangoft2-1.0.so.0.3600.3
a3e25000-a3eba000 r--s 01108000 08:11 3639232    /home/user/jdk1.8.0_73/jre/lib/ext/jfxrt.jar
a3eba000-a3ebb000 ---p 00000000 00:00 0 
a3ebb000-a3f3b000 rw-p 00000000 00:00 0          [stack:3799]
a3f3b000-a3f3e000 ---p 00000000 00:00 0 
a3f3e000-a3f8c000 rw-p 00000000 00:00 0          [stack:3798]
a3f8c000-a3f8f000 ---p 00000000 00:00 0 
a3f8f000-a400d000 rw-p 00000000 00:00 0          [stack:3797]
a400d000-a4010000 ---p 00000000 00:00 0 
a4010000-a405e000 rw-p 00000000 00:00 0          [stack:3796]
a405e000-a425e000 r--p 00000000 08:02 753116     /usr/lib/locale/locale-archive
a425e000-a4261000 ---p 00000000 00:00 0 
a4261000-a42af000 rw-p 00000000 00:00 0          [stack:3795]
a42af000-a42b2000 ---p 00000000 00:00 0 
a42b2000-a4300000 rw-p 00000000 00:00 0          [stack:3794]
a4300000-a4400000 rw-p 00000000 00:00 0 
a4400000-a441e000 r-xp 00000000 08:02 756242     /usr/lib/i386-linux-gnu/libatk-1.0.so.0.21009.1
a441e000-a4420000 r--p 0001d000 08:02 756242     /usr/lib/i386-linux-gnu/libatk-1.0.so.0.21009.1
a4420000-a4421000 rw-p 0001f000 08:02 756242     /usr/lib/i386-linux-gnu/libatk-1.0.so.0.21009.1
a4421000-a4422000 r--s 00000000 08:02 572681     /var/cache/fontconfig/56cf4f4769d0f4abc89a4895d7bd3ae1-le32d4.cache-4
a4422000-a4431000 r-xp 00000000 08:11 3639138    /home/user/jdk1.8.0_73/jre/lib/i386/libprism_sw.so
a4431000-a4432000 rw-p 0000f000 08:11 3639138    /home/user/jdk1.8.0_73/jre/lib/i386/libprism_sw.so
a4432000-a4433000 ---p 00000000 00:00 0 
a4433000-a4502000 rw-p 00000000 00:00 0          [stack:3793]
a4502000-a46da000 r--s 03d23000 08:11 3639279    /home/user/jdk1.8.0_73/jre/lib/rt.jar
a46da000-a4b7b000 rw-p 00000000 00:00 0 
a4b7b000-a4b81000 ---p 00000000 00:00 0 
a4b81000-a4b91000 rw-p 00000000 00:00 0 
a4b91000-a4bab000 ---p 00000000 00:00 0 
a4bab000-a4bcb000 rw-p 00000000 00:00 0 
a4bcb000-a4bff000 ---p 00000000 00:00 0 
a4bff000-a6bf0000 rw-p 00000000 00:00 0 
a6bf0000-aa000000 ---p 00000000 00:00 0 
aa000000-adfdc000 rw-p 00000000 00:00 0 
aef0b000-af015000 rw-p 00000000 00:00 0 
af015000-b4800000 ---p 00000000 00:00 0 
b4800000-b4801000 r--s 00000000 08:02 572680     /var/cache/fontconfig/b9d506c9ac06c20b433354fa67a72993-le32d4.cache-4
b4801000-b4803000 r-xp 00000000 08:02 756306     /usr/lib/i386-linux-gnu/libXcomposite.so.1.0.0
b4803000-b4804000 r--p 00001000 08:02 756306     /usr/lib/i386-linux-gnu/libXcomposite.so.1.0.0
b4804000-b4805000 rw-p 00002000 08:02 756306     /usr/lib/i386-linux-gnu/libXcomposite.so.1.0.0
b4805000-b4810000 r-xp 00000000 08:11 3639115    /home/user/jdk1.8.0_73/jre/lib/i386/libprism_es2.so
b4810000-b4811000 rw-p 0000a000 08:11 3639115    /home/user/jdk1.8.0_73/jre/lib/i386/libprism_es2.so
b4811000-b4831000 rw-p 00000000 00:00 0 
b4831000-b4866000 ---p 00000000 00:00 0 
b4866000-b486c000 rw-p 00000000 00:00 0 
b486c000-b48e6000 ---p 00000000 00:00 0 
b48e6000-b4a36000 rwxp 00000000 00:00 0 
b4a36000-b68e6000 ---p 00000000 00:00 0 
b68e6000-b68ff000 r-xp 00000000 08:11 3639217    /home/user/jdk1.8.0_73/jre/lib/i386/libzip.so
b68ff000-b6900000 rw-p 00019000 08:11 3639217    /home/user/jdk1.8.0_73/jre/lib/i386/libzip.so
b6900000-b69fe000 rw-p 00000000 00:00 0 
b69fe000-b6a00000 ---p 00000000 00:00 0 
b6a00000-b6a02000 r-xp 00000000 08:02 755286     /usr/lib/i386-linux-gnu/libXinerama.so.1.0.0
b6a02000-b6a03000 r--p 00001000 08:02 755286     /usr/lib/i386-linux-gnu/libXinerama.so.1.0.0
b6a03000-b6a04000 rw-p 00002000 08:02 755286     /usr/lib/i386-linux-gnu/libXinerama.so.1.0.0
b6a04000-b6a0f000 r-xp 00000000 08:02 138760     /lib/i386-linux-gnu/libnss_files-2.19.so
b6a0f000-b6a10000 r--p 0000a000 08:02 138760     /lib/i386-linux-gnu/libnss_files-2.19.so
b6a10000-b6a11000 rw-p 0000b000 08:02 138760     /lib/i386-linux-gnu/libnss_files-2.19.so
b6a11000-b6a1b000 r-xp 00000000 08:02 138752     /lib/i386-linux-gnu/libnss_nis-2.19.so
b6a1b000-b6a1c000 r--p 00009000 08:02 138752     /lib/i386-linux-gnu/libnss_nis-2.19.so
b6a1c000-b6a1d000 rw-p 0000a000 08:02 138752     /lib/i386-linux-gnu/libnss_nis-2.19.so
b6a1d000-b6a32000 r-xp 00000000 08:02 138739     /lib/i386-linux-gnu/libnsl-2.19.so
b6a32000-b6a33000 r--p 00015000 08:02 138739     /lib/i386-linux-gnu/libnsl-2.19.so
b6a33000-b6a34000 rw-p 00016000 08:02 138739     /lib/i386-linux-gnu/libnsl-2.19.so
b6a34000-b6a36000 rw-p 00000000 00:00 0 
b6a36000-b6a3d000 r-xp 00000000 08:02 138748     /lib/i386-linux-gnu/libnss_compat-2.19.so
b6a3d000-b6a3e000 r--p 00006000 08:02 138748     /lib/i386-linux-gnu/libnss_compat-2.19.so
b6a3e000-b6a3f000 rw-p 00007000 08:02 138748     /lib/i386-linux-gnu/libnss_compat-2.19.so
b6a3f000-b6a40000 r--s 00000000 08:02 572665     /var/cache/fontconfig/0c9eb80ebd1c36541ebe2852d3bb0c49-le32d4.cache-4
b6a40000-b6a41000 r-xp 00000000 08:02 755068     /usr/lib/i386-linux-gnu/libgthread-2.0.so.0.4000.0
b6a41000-b6a42000 r--p 00000000 08:02 755068     /usr/lib/i386-linux-gnu/libgthread-2.0.so.0.4000.0
b6a42000-b6a43000 rw-p 00001000 08:02 755068     /usr/lib/i386-linux-gnu/libgthread-2.0.so.0.4000.0
b6a43000-b6a46000 r-xp 00000000 08:02 755065     /usr/lib/i386-linux-gnu/libgmodule-2.0.so.0.4000.0
b6a46000-b6a47000 r--p 00002000 08:02 755065     /usr/lib/i386-linux-gnu/libgmodule-2.0.so.0.4000.0
b6a47000-b6a48000 rw-p 00003000 08:02 755065     /usr/lib/i386-linux-gnu/libgmodule-2.0.so.0.4000.0
b6a48000-b6a50000 rw-s 00000000 08:02 522291     /tmp/hsperfdata_user/3788
b6a50000-b6a74000 r-xp 00000000 08:11 3639204    /home/user/jdk1.8.0_73/jre/lib/i386/libjava.so
b6a74000-b6a75000 rw-p 00023000 08:11 3639204    /home/user/jdk1.8.0_73/jre/lib/i386/libjava.so
b6a75000-b6a7c000 r-xp 00000000 08:02 138751     /lib/i386-linux-gnu/librt-2.19.so
b6a7c000-b6a7d000 r--p 00006000 08:02 138751     /lib/i386-linux-gnu/librt-2.19.so
b6a7d000-b6a7e000 rw-p 00007000 08:02 138751     /lib/i386-linux-gnu/librt-2.19.so
b6a7e000-b6a81000 ---p 00000000 00:00 0 
b6a81000-b6acf000 rw-p 00000000 00:00 0          [stack:3792]
b6acf000-b6b13000 r-xp 00000000 08:02 138753     /lib/i386-linux-gnu/libm-2.19.so
b6b13000-b6b14000 r--p 00043000 08:02 138753     /lib/i386-linux-gnu/libm-2.19.so
b6b14000-b6b15000 rw-p 00044000 08:02 138753     /lib/i386-linux-gnu/libm-2.19.so
b6b15000-b7166000 r-xp 00000000 08:11 3639090    /home/user/jdk1.8.0_73/jre/lib/i386/client/libjvm.so
b7166000-b718c000 rw-p 00650000 08:11 3639090    /home/user/jdk1.8.0_73/jre/lib/i386/client/libjvm.so
b718c000-b75b2000 rw-p 00000000 00:00 0 
b75b2000-b775b000 r-xp 00000000 08:02 138738     /lib/i386-linux-gnu/libc-2.19.so
b775b000-b775d000 r--p 001a9000 08:02 138738     /lib/i386-linux-gnu/libc-2.19.so
b775d000-b775e000 rw-p 001ab000 08:02 138738     /lib/i386-linux-gnu/libc-2.19.so
b775e000-b7761000 rw-p 00000000 00:00 0 
b7761000-b7764000 r-xp 00000000 08:02 138764     /lib/i386-linux-gnu/libdl-2.19.so
b7764000-b7765000 r--p 00002000 08:02 138764     /lib/i386-linux-gnu/libdl-2.19.so
b7765000-b7766000 rw-p 00003000 08:02 138764     /lib/i386-linux-gnu/libdl-2.19.so
b7766000-b777a000 r-xp 00000000 08:11 3639154    /home/user/jdk1.8.0_73/jre/lib/i386/jli/libjli.so
b777a000-b777b000 rw-p 00014000 08:11 3639154    /home/user/jdk1.8.0_73/jre/lib/i386/jli/libjli.so
b777b000-b777c000 rw-p 00000000 00:00 0 
b777c000-b7794000 r-xp 00000000 08:02 138749     /lib/i386-linux-gnu/libpthread-2.19.so
b7794000-b7795000 r--p 00017000 08:02 138749     /lib/i386-linux-gnu/libpthread-2.19.so
b7795000-b7796000 rw-p 00018000 08:02 138749     /lib/i386-linux-gnu/libpthread-2.19.so
b7796000-b7798000 rw-p 00000000 00:00 0 
b7798000-b779a000 r--s 00000000 08:02 572663     /var/cache/fontconfig/e13b20fdb08344e0e664864cc2ede53d-le32d4.cache-4
b779a000-b779b000 r--s 00003000 08:11 3679005    /home/user/Downloads/JavaFXMandelbrot/dist/run1015342050/JavaFXMandelbrot.jar
b779b000-b779c000 rw-p 00000000 00:00 0 
b779c000-b779d000 ---p 00000000 00:00 0 
b779d000-b77a8000 r-xp 00000000 08:11 3639167    /home/user/jdk1.8.0_73/jre/lib/i386/libverify.so
b77a8000-b77a9000 rw-p 0000b000 08:11 3639167    /home/user/jdk1.8.0_73/jre/lib/i386/libverify.so
b77a9000-b77ab000 rw-p 00000000 00:00 0 
b77ab000-b77ac000 r-xp 00000000 00:00 0          [vdso]
b77ac000-b77cc000 r-xp 00000000 08:02 138755     /lib/i386-linux-gnu/ld-2.19.so
b77cc000-b77cd000 r--p 0001f000 08:02 138755     /lib/i386-linux-gnu/ld-2.19.so
b77cd000-b77ce000 rw-p 00020000 08:02 138755     /lib/i386-linux-gnu/ld-2.19.so
bf7c6000-bf7c7000 rwxp 00000000 00:00 0 
bf7f9000-bf81a000 rw-p 00000000 00:00 0          [stack]

VM Arguments:
jvm_args: -Dfile.encoding=UTF-8 
java_command: /home/user/Downloads/JavaFXMandelbrot/dist/run1015342050/JavaFXMandelbrot.jar
java_class_path (initial): /home/user/Downloads/JavaFXMandelbrot/dist/run1015342050/JavaFXMandelbrot.jar
Launcher Type: SUN_STANDARD

Environment Variables:
PATH=/usr/local/sbin:/usr/local/bin:/usr/sbin:/usr/bin:/sbin:/bin:/usr/games:/usr/local/games
LD_LIBRARY_PATH=/home/user/jdk1.8.0_73/jre/lib/amd64:/home/user/jdk1.8.0_73/jre/lib/i386:
SHELL=/bin/bash
DISPLAY=:0.0

Signal Handlers:
SIGSEGV: [libjvm.so+0x5b8940], sa_mask[0]=11111111011111111101111111111110, sa_flags=SA_RESTART|SA_SIGINFO
SIGBUS: [libjvm.so+0x5b8940], sa_mask[0]=11111111011111111101111111111110, sa_flags=SA_RESTART|SA_SIGINFO
SIGFPE: [libjvm.so+0x499350], sa_mask[0]=11111111011111111101111111111110, sa_flags=SA_RESTART|SA_SIGINFO
SIGPIPE: SIG_IGN, sa_mask[0]=00000000000010000000000000000000, sa_flags=SA_RESTART
SIGXFSZ: [libjvm.so+0x499350], sa_mask[0]=11111111011111111101111111111110, sa_flags=SA_RESTART|SA_SIGINFO
SIGILL: [libjvm.so+0x499350], sa_mask[0]=11111111011111111101111111111110, sa_flags=SA_RESTART|SA_SIGINFO
SIGUSR1: SIG_DFL, sa_mask[0]=00000000000000000000000000000000, sa_flags=none
SIGUSR2: [libjvm.so+0x49a9d0], sa_mask[0]=00100000000000000000000000000000, sa_flags=SA_RESTART|SA_SIGINFO
SIGHUP: [libjvm.so+0x49be80], sa_mask[0]=11111111011111111101111111111110, sa_flags=SA_RESTART|SA_SIGINFO
SIGINT: SIG_IGN, sa_mask[0]=00000000000000000000000000000000, sa_flags=none
SIGTERM: [libjvm.so+0x49be80], sa_mask[0]=11111111011111111101111111111110, sa_flags=SA_RESTART|SA_SIGINFO
SIGQUIT: [libjvm.so+0x49be80], sa_mask[0]=11111111011111111101111111111110, sa_flags=SA_RESTART|SA_SIGINFO


---------------  S Y S T E M  ---------------

OS:DISTRIB_ID=Ubuntu
DISTRIB_RELEASE=14.04
DISTRIB_CODENAME=trusty
DISTRIB_DESCRIPTION="Ubuntu 14.04 LTS"

uname:Linux 3.13.0-24-generic #46-Ubuntu SMP Thu Apr 10 19:08:14 UTC 2014 i686
libc:glibc 2.19 NPTL 2.19 
rlimit: STACK 8192k, CORE 0k, NPROC 7865, NOFILE 4096, AS infinity
load average:3.50 1.58 0.72

/proc/meminfo:
MemTotal:        1026012 kB
MemFree:           68032 kB
Buffers:            1584 kB
Cached:            20984 kB
SwapCached:            0 kB
Active:           890848 kB
Inactive:          15392 kB
Active(anon):     884364 kB
Inactive(anon):     2192 kB
Active(file):       6484 kB
Inactive(file):    13200 kB
Unevictable:           0 kB
Mlocked:               0 kB
HighTotal:        135112 kB
HighFree:           1792 kB
LowTotal:         890900 kB
LowFree:           66240 kB
SwapTotal:             0 kB
SwapFree:              0 kB
Dirty:               160 kB
Writeback:             0 kB
AnonPages:        883680 kB
Mapped:             8324 kB
Shmem:              2876 kB
Slab:              19292 kB
SReclaimable:      10024 kB
SUnreclaim:         9268 kB
KernelStack:        2744 kB
PageTables:         6228 kB
NFS_Unstable:          0 kB
Bounce:                0 kB
WritebackTmp:          0 kB
CommitLimit:      513004 kB
Committed_AS:    2477292 kB
VmallocTotal:     122880 kB
VmallocUsed:       36916 kB
VmallocChunk:      69108 kB
HardwareCorrupted:     0 kB
AnonHugePages:    174080 kB
HugePages_Total:       0
HugePages_Free:        0
HugePages_Rsvd:        0
HugePages_Surp:        0
Hugepagesize:       2048 kB
DirectMap4k:       30712 kB
DirectMap2M:      882688 kB


CPU:total 1 (1 cores per cpu, 1 threads per core) family 6 model 60 stepping 3, cmov, cx8, fxsr, mmx, sse, sse2, sse3, ssse3, sse4.1, sse4.2, popcnt, aes, clmul, tsc, tscinvbit

/proc/cpuinfo:
processor	: 0
vendor_id	: GenuineIntel
cpu family	: 6
model		: 60
model name	: Intel(R) Core(TM) i7-4702MQ CPU @ 2.20GHz
stepping	: 3
microcode	: 0x17
cpu MHz		: 2194.949
cache size	: 6144 KB
physical id	: 0
siblings	: 1
core id		: 0
cpu cores	: 1
apicid		: 0
initial apicid	: 0
fdiv_bug	: no
f00f_bug	: no
coma_bug	: no
fpu		: yes
fpu_exception	: yes
cpuid level	: 13
wp		: yes
flags		: fpu vme de pse tsc msr pae mce cx8 apic sep mtrr pge mca cmov pat pse36 clflush dts mmx fxsr sse sse2 ss nx rdtscp lm constant_tsc arch_perfmon pebs bts xtopology tsc_reliable nonstop_tsc aperfmperf pni pclmulqdq ssse3 cx16 sse4_1 sse4_2 movbe popcnt aes lahf_lm ida arat epb xsaveopt pln pts dtherm
bogomips	: 4389.89
clflush size	: 64
cache_alignment	: 64
address sizes	: 36 bits physical, 48 bits virtual
power management:



Memory: 4k page, physical 1026012k(68032k free), swap 0k(0k free)

vm_info: Java HotSpot(TM) Client VM (25.73-b02) for linux-x86 JRE (1.8.0_73-b02), built on Jan 29 2016 17:41:40 by "java_re" with gcc 4.3.0 20080428 (Red Hat 4.3.0-8)

time: Tue Mar 15 13:57:04 2016
elapsed time: 23 seconds (0d 0h 0m 23s)

